<?xml version="1.0" encoding="UTF-8"?>
<!-- Generated by org.testng.reporters.JUnitXMLReporter -->
<testsuite ignored="6" hostname="192.168.1.9" failures="1" tests="4" name="SingleTest" time="35.997" errors="0" timestamp="30 Apr 2023 17:14:27 GMT">
  <testcase classname="eat.tests.TestTO" name="verifyIfTheApplicationHasLaunch" time="1.597"/>
  <testcase classname="eat.tests.TestTO" name="verifyFormCanSubmitSuccssfully" time="4.124"/>
  <testcase classname="eat.tests.TestTO" name="verifyIfContactUsPageIsLoading" time="0.0"/>
  <testcase classname="eat.tests.TestTO" name="verifyIfRequestPageIsLoading" time="0.0">
    <failure type="java.lang.AssertionError" message="expected [true] but found [false]">
      <![CDATA[java.lang.AssertionError: expected [true] but found [false]
at eat.tests.TestTO.verifyIfRequestPageIsLoading(TestTO.java:97)
... Removed 33 stack frames]]>
    </failure>
  </testcase> <!-- verifyIfRequestPageIsLoading -->
  <testcase classname="eat.tests.TestTO" name="verifyIfSettingPageIsLoading" time="0.0">
    <ignored/>
  </testcase> <!-- verifyIfSettingPageIsLoading -->
  <testcase classname="eat.tests.TestTO" name="verifyIfServicePageIsLoading" time="0.0">
    <ignored/>
  </testcase> <!-- verifyIfServicePageIsLoading -->
  <testcase classname="eat.tests.TestTO" name="verifyBlogPageIsLoadingSuccessfully" time="0.0">
    <ignored/>
  </testcase> <!-- verifyBlogPageIsLoadingSuccessfully -->
  <testcase classname="eat.tests.TestTO" name="verifyIfCareerPageIsLoading" time="0.0">
    <ignored/>
  </testcase> <!-- verifyIfCareerPageIsLoading -->
  <testcase classname="eat.tests.TestTO" name="verifyIfResourcePageIsLoading" time="0.0">
    <ignored/>
  </testcase> <!-- verifyIfResourcePageIsLoading -->
  <testcase classname="eat.tests.TestTO" name="verifyIfBlogsAreListedOnBlogPage" time="0.0">
    <ignored/>
  </testcase> <!-- verifyIfBlogsAreListedOnBlogPage -->
</testsuite> <!-- SingleTest -->
